{
  "stats": {
    "suites": 2,
    "tests": 7,
    "passes": 7,
    "pending": 0,
    "failures": 0,
    "start": "2022-04-20T13:44:58.605Z",
    "end": "2022-04-20T13:45:08.494Z",
    "duration": 8799,
    "testsRegistered": 7,
    "passPercent": 100,
    "pendingPercent": 0,
    "other": 0,
    "hasOther": false,
    "skipped": 0,
    "hasSkipped": false
  },
  "results": [
    {
      "uuid": "bfcc9fd1-deb9-44c0-974c-58c6b68774aa",
      "title": "",
      "fullFile": "",
      "file": "",
      "beforeHooks": [],
      "afterHooks": [],
      "tests": [],
      "suites": [
        {
          "uuid": "f2de1f19-1923-4851-a23f-f7415fa5f05a",
          "title": "primeiros testes",
          "fullFile": "",
          "file": "",
          "beforeHooks": [],
          "afterHooks": [],
          "tests": [
            {
              "title": "checar página",
              "fullTitle": "primeiros testes checar página",
              "timedOut": null,
              "duration": 3332,
              "state": "passed",
              "speed": "fast",
              "pass": true,
              "fail": false,
              "pending": false,
              "context": null,
              "code": "// verificar existência de elemento único da página\n// \"cy.get('.logo').should('exist')\" é uma expressão redundante, uma vez que alguns comandos de api do cypress já possuem asserts embutidos, como é o caso de cy.get()\n// Sendo assim, caso o alvo de cy.get() não exista na interface, o teste falhará\ncy.get('.makeStyles-logo-3');\ncy.url().then(url => expect(url).to.include(\"signin\"));",
              "err": {},
              "uuid": "ca5d9d17-d3ec-45ec-9cfa-f24738b58e31",
              "parentUUID": "f2de1f19-1923-4851-a23f-f7415fa5f05a",
              "isHook": false,
              "skipped": false
            },
            {
              "title": "login inválido (credenciais inválidas)",
              "fullTitle": "primeiros testes login inválido (credenciais inválidas)",
              "timedOut": null,
              "duration": 1840,
              "state": "passed",
              "speed": "fast",
              "pass": true,
              "fail": false,
              "pending": false,
              "context": null,
              "code": "cy.get(\"#username\").type(\"abcd\");\ncy.get(\"#password\").type(\"1234\");\ncy.get('button[data-test=\"signin-submit\"]').click();\ncy.contains(\"invalid\");",
              "err": {},
              "uuid": "cdd8f82d-7e9b-4fe7-8fd8-234d00337759",
              "parentUUID": "f2de1f19-1923-4851-a23f-f7415fa5f05a",
              "isHook": false,
              "skipped": false
            },
            {
              "title": "login inválido (campos vazios)",
              "fullTitle": "primeiros testes login inválido (campos vazios)",
              "timedOut": null,
              "duration": 535,
              "state": "passed",
              "speed": "fast",
              "pass": true,
              "fail": false,
              "pending": false,
              "context": null,
              "code": "cy.get('button[data-test=\"signin-submit\"]').click();\ncy.contains(\"required\");",
              "err": {},
              "uuid": "17d6e61d-696b-4f53-95b5-7151647a362e",
              "parentUUID": "f2de1f19-1923-4851-a23f-f7415fa5f05a",
              "isHook": false,
              "skipped": false
            },
            {
              "title": "login inválido (user vazio)",
              "fullTitle": "primeiros testes login inválido (user vazio)",
              "timedOut": null,
              "duration": 687,
              "state": "passed",
              "speed": "fast",
              "pass": true,
              "fail": false,
              "pending": false,
              "context": null,
              "code": "cy.get(\"#password\").type(\"1234\");\ncy.contains(\"required\");\ncy.get('button[data-test=\"signin-submit\"]').should(\"be.disabled\");",
              "err": {},
              "uuid": "790ea6d8-d44c-4d05-9d29-c51f337347e6",
              "parentUUID": "f2de1f19-1923-4851-a23f-f7415fa5f05a",
              "isHook": false,
              "skipped": false
            },
            {
              "title": "login inválido (senha vazia)",
              "fullTitle": "primeiros testes login inválido (senha vazia)",
              "timedOut": null,
              "duration": 546,
              "state": "passed",
              "speed": "fast",
              "pass": true,
              "fail": false,
              "pending": false,
              "context": null,
              "code": "cy.get(\"#username\").type(\"abcd\");\ncy.get('button[data-test=\"signin-submit\"]').should(\"be.disabled\");",
              "err": {},
              "uuid": "5c2b1872-e55e-4e2e-83be-5c5d85c461e8",
              "parentUUID": "f2de1f19-1923-4851-a23f-f7415fa5f05a",
              "isHook": false,
              "skipped": false
            },
            {
              "title": "login válido e logout",
              "fullTitle": "primeiros testes login válido e logout",
              "timedOut": null,
              "duration": 1483,
              "state": "passed",
              "speed": "fast",
              "pass": true,
              "fail": false,
              "pending": false,
              "context": null,
              "code": "cy.get(\"#username\").type(\"Katharina_Bernier\");\ncy.get(\"#password\").type(\"s3cret\");\ncy.get('button[data-test=\"signin-submit\"]').click();\ncy.contains(\"Edgar J\");\ncy.contains(\"Logout\").click();\ncy.contains(\"Sign in\");\ncy.url().then(url => expect(url).to.include(\"signin\"));",
              "err": {},
              "uuid": "8f574783-7c88-4c72-9121-091d8fb87493",
              "parentUUID": "f2de1f19-1923-4851-a23f-f7415fa5f05a",
              "isHook": false,
              "skipped": false
            }
          ],
          "suites": [],
          "passes": [
            "ca5d9d17-d3ec-45ec-9cfa-f24738b58e31",
            "cdd8f82d-7e9b-4fe7-8fd8-234d00337759",
            "17d6e61d-696b-4f53-95b5-7151647a362e",
            "790ea6d8-d44c-4d05-9d29-c51f337347e6",
            "5c2b1872-e55e-4e2e-83be-5c5d85c461e8",
            "8f574783-7c88-4c72-9121-091d8fb87493"
          ],
          "failures": [],
          "pending": [],
          "skipped": [],
          "duration": 8423,
          "root": false,
          "rootEmpty": false,
          "_timeout": 2000
        }
      ],
      "passes": [],
      "failures": [],
      "pending": [],
      "skipped": [],
      "duration": 0,
      "root": true,
      "rootEmpty": true,
      "_timeout": 2000
    },
    {
      "uuid": "d14573bb-dc90-4350-9cab-2f538db5cd36",
      "title": "",
      "fullFile": "",
      "file": "",
      "beforeHooks": [],
      "afterHooks": [],
      "tests": [],
      "suites": [
        {
          "uuid": "78ebd743-5cf3-455a-b9b6-776988a9a70b",
          "title": "testes de API",
          "fullFile": "",
          "file": "",
          "beforeHooks": [],
          "afterHooks": [],
          "tests": [
            {
              "title": "ciclo de usuário",
              "fullTitle": "testes de API ciclo de usuário",
              "timedOut": null,
              "duration": 376,
              "state": "passed",
              "speed": "fast",
              "pass": true,
              "fail": false,
              "pending": false,
              "context": null,
              "code": "api.endpoints.signUp().then(response => {\n  expect(response.status).to.eql(201);\n  cy.log(response.body);\n  api.endpoints.login(response.body.user.username).its('status').should('eql', 200);\n  api.endpoints.updateUser(response.body.user.id).its('status').should('eql', 204);\n  api.endpoints.chargeMoney(response.body.user.id).its('status').should('eql', 200);\n  api.endpoints.checkTransactions().then(r => {\n    expect(r.status).to.eql(200);\n  });\n});",
              "err": {},
              "uuid": "67aaa044-b2f4-4458-b76d-0571e0472e4c",
              "parentUUID": "78ebd743-5cf3-455a-b9b6-776988a9a70b",
              "isHook": false,
              "skipped": false
            }
          ],
          "suites": [],
          "passes": [
            "67aaa044-b2f4-4458-b76d-0571e0472e4c"
          ],
          "failures": [],
          "pending": [],
          "skipped": [],
          "duration": 376,
          "root": false,
          "rootEmpty": false,
          "_timeout": 2000
        }
      ],
      "passes": [],
      "failures": [],
      "pending": [],
      "skipped": [],
      "duration": 0,
      "root": true,
      "rootEmpty": true,
      "_timeout": 2000
    }
  ],
  "meta": {
    "mocha": {
      "version": "7.0.1"
    },
    "mochawesome": {
      "options": {
        "quiet": false,
        "reportFilename": "mochawesome",
        "saveHtml": false,
        "saveJson": true,
        "consoleReporter": "spec",
        "useInlineDiffs": false,
        "code": true
      },
      "version": "7.1.0"
    },
    "marge": {
      "options": {
        "charts": true,
        "overwrite": false,
        "html": false,
        "json": true,
        "reportDir": "cypress/report/mochawesome-report"
      },
      "version": "6.1.0"
    }
  }
}