{
  "stats": {
    "suites": 1,
    "tests": 6,
    "passes": 6,
    "pending": 0,
    "failures": 0,
    "start": "2022-04-20T03:13:57.729Z",
    "end": "2022-04-20T03:14:05.278Z",
    "duration": 7549,
    "testsRegistered": 6,
    "passPercent": 100,
    "pendingPercent": 0,
    "other": 0,
    "hasOther": false,
    "skipped": 0,
    "hasSkipped": false
  },
  "results": [
    {
      "uuid": "c65b2a4f-4b14-42c5-9768-4b72a17b9b10",
      "title": "",
      "fullFile": "",
      "file": "",
      "beforeHooks": [],
      "afterHooks": [],
      "tests": [],
      "suites": [
        {
          "uuid": "b9d06d87-ca18-429d-9d82-9f298c249f25",
          "title": "primeiros testes",
          "fullFile": "",
          "file": "",
          "beforeHooks": [],
          "afterHooks": [],
          "tests": [
            {
              "title": "checar página",
              "fullTitle": "primeiros testes checar página",
              "timedOut": null,
              "duration": 2777,
              "state": "passed",
              "speed": "fast",
              "pass": true,
              "fail": false,
              "pending": false,
              "context": null,
              "code": "// verificar existência de elemento único da página\n// \"cy.get('.logo').should('exist')\" é uma expressão redundante, uma vez que alguns comandos de api do cypress já possuem asserts embutidos, como é o caso de cy.get()\n// Sendo assim, caso o alvo de cy.get() não exista na interface, o teste falhará\ncy.get('.makeStyles-logo-3');\ncy.url().then(url => expect(url).to.include(\"signin\"));",
              "err": {},
              "uuid": "31677478-8080-4961-848c-1fc4fff12dae",
              "parentUUID": "b9d06d87-ca18-429d-9d82-9f298c249f25",
              "isHook": false,
              "skipped": false
            },
            {
              "title": "login inválido (credenciais inválidas)",
              "fullTitle": "primeiros testes login inválido (credenciais inválidas)",
              "timedOut": null,
              "duration": 1672,
              "state": "passed",
              "speed": "fast",
              "pass": true,
              "fail": false,
              "pending": false,
              "context": null,
              "code": "cy.get(\"#username\").type(\"abcd\");\ncy.get(\"#password\").type(\"1234\");\ncy.get('button[data-test=\"signin-submit\"]').click();\ncy.contains(\"invalid\");",
              "err": {},
              "uuid": "1666ef0b-1984-4f28-941a-9c04ff05a9ee",
              "parentUUID": "b9d06d87-ca18-429d-9d82-9f298c249f25",
              "isHook": false,
              "skipped": false
            },
            {
              "title": "login inválido (campos vazios)",
              "fullTitle": "primeiros testes login inválido (campos vazios)",
              "timedOut": null,
              "duration": 490,
              "state": "passed",
              "speed": "fast",
              "pass": true,
              "fail": false,
              "pending": false,
              "context": null,
              "code": "cy.get('button[data-test=\"signin-submit\"]').click();\ncy.contains(\"required\");",
              "err": {},
              "uuid": "12cf3a6e-d25f-4885-80d6-7ebcd7139fa2",
              "parentUUID": "b9d06d87-ca18-429d-9d82-9f298c249f25",
              "isHook": false,
              "skipped": false
            },
            {
              "title": "login inválido (user vazio)",
              "fullTitle": "primeiros testes login inválido (user vazio)",
              "timedOut": null,
              "duration": 667,
              "state": "passed",
              "speed": "fast",
              "pass": true,
              "fail": false,
              "pending": false,
              "context": null,
              "code": "cy.get(\"#password\").type(\"1234\");\ncy.contains(\"required\");\ncy.get('button[data-test=\"signin-submit\"]').should(\"be.disabled\");",
              "err": {},
              "uuid": "ef8f6157-d7ae-421c-8411-4bd0bc68b875",
              "parentUUID": "b9d06d87-ca18-429d-9d82-9f298c249f25",
              "isHook": false,
              "skipped": false
            },
            {
              "title": "login inválido (senha vazia)",
              "fullTitle": "primeiros testes login inválido (senha vazia)",
              "timedOut": null,
              "duration": 525,
              "state": "passed",
              "speed": "fast",
              "pass": true,
              "fail": false,
              "pending": false,
              "context": null,
              "code": "cy.get(\"#username\").type(\"abcd\");\ncy.get('button[data-test=\"signin-submit\"]').should(\"be.disabled\");",
              "err": {},
              "uuid": "c2aec484-c856-4d19-8197-4a58c22aeb25",
              "parentUUID": "b9d06d87-ca18-429d-9d82-9f298c249f25",
              "isHook": false,
              "skipped": false
            },
            {
              "title": "login válido e logout",
              "fullTitle": "primeiros testes login válido e logout",
              "timedOut": null,
              "duration": 1371,
              "state": "passed",
              "speed": "fast",
              "pass": true,
              "fail": false,
              "pending": false,
              "context": null,
              "code": "cy.get(\"#username\").type(\"Katharina_Bernier\");\ncy.get(\"#password\").type(\"s3cret\");\ncy.get('button[data-test=\"signin-submit\"]').click();\ncy.contains(\"Edgar J\");\ncy.contains(\"Logout\").click();\ncy.contains(\"Sign in\");\ncy.url().then(url => expect(url).to.include(\"signin\"));",
              "err": {},
              "uuid": "76d02031-aed0-49e7-8571-5d63cd4cb2fb",
              "parentUUID": "b9d06d87-ca18-429d-9d82-9f298c249f25",
              "isHook": false,
              "skipped": false
            }
          ],
          "suites": [],
          "passes": [
            "31677478-8080-4961-848c-1fc4fff12dae",
            "1666ef0b-1984-4f28-941a-9c04ff05a9ee",
            "12cf3a6e-d25f-4885-80d6-7ebcd7139fa2",
            "ef8f6157-d7ae-421c-8411-4bd0bc68b875",
            "c2aec484-c856-4d19-8197-4a58c22aeb25",
            "76d02031-aed0-49e7-8571-5d63cd4cb2fb"
          ],
          "failures": [],
          "pending": [],
          "skipped": [],
          "duration": 7502,
          "root": false,
          "rootEmpty": false,
          "_timeout": 2000
        }
      ],
      "passes": [],
      "failures": [],
      "pending": [],
      "skipped": [],
      "duration": 0,
      "root": true,
      "rootEmpty": true,
      "_timeout": 2000
    }
  ],
  "meta": {
    "mocha": {
      "version": "7.0.1"
    },
    "mochawesome": {
      "options": {
        "quiet": false,
        "reportFilename": "mochawesome",
        "saveHtml": false,
        "saveJson": true,
        "consoleReporter": "spec",
        "useInlineDiffs": false,
        "code": true
      },
      "version": "7.1.0"
    },
    "marge": {
      "options": {
        "charts": true,
        "overwrite": false,
        "html": false,
        "json": true,
        "reportDir": "cypress/report/mochawesome-report"
      },
      "version": "6.1.0"
    }
  }
}